<?xml version='1.0' encoding='UTF-8'?>
<testsuite hostname="hp" name="com.lightbend.training.coffeehouse.BaristaTest" tests="2" errors="0" failures="0" skipped="0" time="0.405" timestamp="2020-09-14T00:42:20">
                     <properties>
[...]
</properties>
                     <testcase classname="com.lightbend.training.coffeehouse.BaristaTest" name="shouldSendCoffeePreparedWithRandomCoffeeForInaccurateResponse" time="0.275">
                                                 
                                               </testcase><testcase classname="com.lightbend.training.coffeehouse.BaristaTest" name="sendingPrepareCoffeeShouldResultInCoffeePreparedResponse" time="0.13">
                                                 
                                               </testcase>
                     <system-out><![CDATA[]]></system-out>
                     <system-err><![CDATA[]]></system-err>
                   </testsuite>